2025-11-25 08:01:17,902 - INFO - TensorFlow Version: 2.19.1
2025-11-25 08:01:17,903 - INFO - NumPy Version: 2.1.3
2025-11-25 08:01:17,903 - INFO - Pandas Version: 2.3.2
2025-11-25 08:01:17,903 - INFO - Random Seed: 42
2025-11-25 08:01:17,904 - INFO - Mixed Precision aktiviert: mixed_float16
2025-11-25 08:01:17,916 - INFO - ✅ Configuration validated successfully
2025-11-25 08:01:17,916 - INFO - Configuration: LR=0.0002, Seq=60, LSTM=256→128
2025-11-25 08:01:17,982 - INFO - ✅ Data loaded: (73100, 15)
2025-11-25 08:01:17,983 - INFO - Date range: 2022-01-01 00:00:00 to 2024-01-01 00:00:00
2025-11-25 08:01:17,983 - INFO - Validating Raw Data...
2025-11-25 08:01:17,988 - INFO - ✅ Raw Data validation complete: 73100 rows, 0 missing
2025-11-25 08:01:17,998 - INFO - ============================================================
2025-11-25 08:01:17,999 - INFO - ENHANCED FEATURE ENGINEERING V3.0
2025-11-25 08:01:17,999 - INFO - ============================================================
2025-11-25 08:01:17,999 - INFO - Outlier detection for 'Units Sold'...
2025-11-25 08:01:18,003 - INFO - ✅ No outliers detected
2025-11-25 08:01:18,003 - INFO - Encoding categorical features...
2025-11-25 08:01:18,019 - INFO -   Categories: 5 unique
2025-11-25 08:01:18,021 - INFO -   Regions: 4 unique
2025-11-25 08:01:18,023 - INFO -   Weather: 4 unique
2025-11-25 08:01:18,024 - INFO - Creating price and inventory features...
2025-11-25 08:01:18,026 - INFO -   Avg Price: 55.14
2025-11-25 08:01:18,027 - INFO -   Avg Discount: 10.01%
2025-11-25 08:01:18,027 - INFO -   Holiday/Promo days: 36353 (49.7%)
2025-11-25 08:01:18,027 - INFO - Creating temporal features...
2025-11-25 08:01:18,037 - INFO - Creating lag and rolling features per group...
2025-11-25 08:01:18,391 - INFO - ============================================================
2025-11-25 08:01:18,391 - INFO - FEATURE ENGINEERING SUMMARY
2025-11-25 08:01:18,391 - INFO - ============================================================
2025-11-25 08:01:18,392 - INFO - Original shape: (73100, 53)
2025-11-25 08:01:18,392 - INFO - After dropna: (70100, 53)
2025-11-25 08:01:18,393 - INFO - Total features: 53 columns
2025-11-25 08:01:18,393 - INFO - Rows dropped (NaN): 3000
2025-11-25 08:01:18,394 - INFO - ============================================================
2025-11-25 08:01:18,394 - INFO - Feature breakdown:
2025-11-25 08:01:18,395 - INFO -   Categorical: 6
2025-11-25 08:01:18,395 - INFO -   Price/Discount: 9
2025-11-25 08:01:18,395 - INFO -   Temporal: 8
2025-11-25 08:01:18,396 - INFO -   Inventory: 2
2025-11-25 08:01:18,396 - INFO -   Lag/Rolling Units Sold: ~11
2025-11-25 08:01:18,397 - INFO - ============================================================
2025-11-25 08:01:18,414 - INFO - ✅ Train: 56100 rows (2022-01-31 00:00:00 to 2023-08-14 00:00:00)
2025-11-25 08:01:18,415 - INFO - ✅ Test:  14000 rows (2023-08-15 00:00:00 to 2024-01-01 00:00:00)
2025-11-25 08:01:18,415 - INFO - Split ratio: 80.0% train, 20.0% test
2025-11-25 08:01:18,420 - INFO - Selected 40 features for training
2025-11-25 08:01:18,422 - INFO - Feature columns: ['Price', 'Discount', 'Store_ID_Encoded', 'Product_ID_Encoded', 'Category_Encoded', 'Region_Encoded', 'Weather_Encoded', 'Seasonality_Encoded', 'Inventory_Level', 'Competitor_Price']... (showing first 10)
2025-11-25 08:01:18,447 - INFO - ✅ Scaling complete
2025-11-25 08:01:18,448 - INFO - Features: 40 columns
2025-11-25 08:01:18,448 - INFO - X_train: (56100, 40), y_train: (56100, 1)
2025-11-25 08:01:18,449 - INFO - X_test:  (14000, 40), y_test:  (14000, 1)
2025-11-25 08:01:18,453 - INFO - Creating sequences with length 60...
2025-11-25 08:01:18,900 - INFO - ✅ Sequences created
2025-11-25 08:01:18,900 - INFO - X_train: (56040, 60, 40) | y_train: (56040, 1)
2025-11-25 08:01:18,901 - INFO - X_test:  (13940, 60, 40) | y_test:  (13940, 1)
2025-11-25 08:01:18,901 - INFO - Memory footprint: X_train=256.5 MB
2025-11-25 08:01:18,908 - INFO - Building model architecture...
2025-11-25 08:01:18,909 - INFO -   Input: (60, 40)
2025-11-25 08:01:18,910 - INFO -   LSTM 1: 256 units (Bidirectional)
2025-11-25 08:01:18,910 - INFO -   LSTM 2: 128 units (Bidirectional)
2025-11-25 08:01:18,911 - INFO -   Dropout: 0.25, SpatialDropout: 0.15
2025-11-25 08:01:19,034 - INFO - ✅ Model built successfully
2025-11-25 08:01:19,047 - INFO - ============================================================
2025-11-25 08:01:19,048 - INFO - STARTING TRAINING
2025-11-25 08:01:19,050 - INFO - ============================================================
2025-11-25 09:24:52,931 - INFO - ✅ Training completed successfully
2025-11-25 09:24:53,102 - INFO - ✅ Model saved: lstm_model_20251125_092452.keras
2025-11-25 09:24:53,130 - INFO - ✅ Scalers saved: scalers_20251125_092453.pkl
2025-11-25 09:24:53,170 - INFO - ============================================================
2025-11-25 09:24:53,170 - INFO - TRAINING SUMMARY
2025-11-25 09:24:53,171 - INFO - ============================================================
2025-11-25 09:24:53,171 - INFO - Epochs trained: 40/100
2025-11-25 09:24:53,172 - INFO - Final train loss: 1.0068
2025-11-25 09:24:53,172 - INFO - Final val loss: 1.0369
2025-11-25 09:24:53,175 - INFO - Best val loss: 1.0270 (epoch 32)
2025-11-25 09:24:53,175 - INFO - Overfitting ratio: 1.03
2025-11-25 09:24:53,176 - INFO - ============================================================
2025-11-25 09:24:53,185 - INFO - ============================================================
2025-11-25 09:24:53,186 - INFO - EVALUATION
2025-11-25 09:24:53,187 - INFO - ============================================================
2025-11-25 09:25:31,286 - INFO - MAE:  89.14
2025-11-25 09:25:31,287 - INFO - RMSE: 108.79
2025-11-25 09:25:31,288 - INFO - R²:   -0.0136
2025-11-25 09:25:31,288 - INFO - Prediction Std: 12.48 (Target: >10)
2025-11-25 09:25:31,289 - INFO - Actual Std:     inf
2025-11-25 09:25:31,289 - INFO - ============================================================
