2025-11-25 07:58:41,157 - INFO - TensorFlow Version: 2.19.1
2025-11-25 07:58:41,158 - INFO - NumPy Version: 2.1.3
2025-11-25 07:58:41,158 - INFO - Pandas Version: 2.3.2
2025-11-25 07:58:41,159 - INFO - Random Seed: 42
2025-11-25 07:58:41,159 - INFO - Mixed Precision aktiviert: mixed_float16
2025-11-25 07:58:41,170 - INFO - ✅ Configuration validated successfully
2025-11-25 07:58:41,171 - INFO - Configuration: LR=0.0002, Seq=60, LSTM=256→128
2025-11-25 07:58:41,255 - INFO - ✅ Data loaded: (73100, 15)
2025-11-25 07:58:41,256 - INFO - Date range: 2022-01-01 00:00:00 to 2024-01-01 00:00:00
2025-11-25 07:58:41,256 - INFO - Validating Raw Data...
2025-11-25 07:58:41,262 - INFO - ✅ Raw Data validation complete: 73100 rows, 0 missing
2025-11-25 07:58:41,271 - INFO - ============================================================
2025-11-25 07:58:41,272 - INFO - ENHANCED FEATURE ENGINEERING V3.0
2025-11-25 07:58:41,272 - INFO - ============================================================
2025-11-25 07:58:41,273 - INFO - Outlier detection for 'Units Sold'...
2025-11-25 07:58:41,277 - INFO - ✅ No outliers detected
2025-11-25 07:58:41,277 - INFO - Encoding categorical features...
2025-11-25 07:58:41,294 - INFO -   Categories: 5 unique
2025-11-25 07:58:41,296 - INFO -   Regions: 4 unique
2025-11-25 07:58:41,298 - INFO -   Weather: 4 unique
2025-11-25 07:58:41,298 - INFO - Creating price and inventory features...
2025-11-25 07:58:41,301 - INFO -   Avg Price: 55.14
2025-11-25 07:58:41,301 - INFO -   Avg Discount: 10.01%
2025-11-25 07:58:41,302 - INFO -   Holiday/Promo days: 36353 (49.7%)
2025-11-25 07:58:41,302 - INFO - Creating temporal features...
2025-11-25 07:58:41,314 - INFO - Creating lag and rolling features per group...
2025-11-25 07:58:41,689 - INFO - ============================================================
2025-11-25 07:58:41,689 - INFO - FEATURE ENGINEERING SUMMARY
2025-11-25 07:58:41,690 - INFO - ============================================================
2025-11-25 07:58:41,690 - INFO - Original shape: (73100, 53)
2025-11-25 07:58:41,690 - INFO - After dropna: (70100, 53)
2025-11-25 07:58:41,691 - INFO - Total features: 53 columns
2025-11-25 07:58:41,692 - INFO - Rows dropped (NaN): 3000
2025-11-25 07:58:41,693 - INFO - ============================================================
2025-11-25 07:58:41,693 - INFO - Feature breakdown:
2025-11-25 07:58:41,693 - INFO -   Categorical: 6
2025-11-25 07:58:41,694 - INFO -   Price/Discount: 9
2025-11-25 07:58:41,694 - INFO -   Temporal: 8
2025-11-25 07:58:41,695 - INFO -   Inventory: 2
2025-11-25 07:58:41,695 - INFO -   Lag/Rolling Units Sold: ~11
2025-11-25 07:58:41,696 - INFO - ============================================================
2025-11-25 07:58:41,719 - INFO - ✅ Train: 56100 rows (2022-01-31 00:00:00 to 2023-08-14 00:00:00)
2025-11-25 07:58:41,719 - INFO - ✅ Test:  14000 rows (2023-08-15 00:00:00 to 2024-01-01 00:00:00)
2025-11-25 07:58:41,720 - INFO - Split ratio: 80.0% train, 20.0% test
2025-11-25 07:58:41,725 - INFO - Selected 40 features for training
2025-11-25 07:58:41,726 - INFO - Feature columns: ['Price', 'Discount', 'Store_ID_Encoded', 'Product_ID_Encoded', 'Category_Encoded', 'Region_Encoded', 'Weather_Encoded', 'Seasonality_Encoded', 'Inventory_Level', 'Competitor_Price']... (showing first 10)
2025-11-25 07:58:41,751 - INFO - ✅ Scaling complete
2025-11-25 07:58:41,752 - INFO - Features: 40 columns
2025-11-25 07:58:41,752 - INFO - X_train: (56100, 40), y_train: (56100, 1)
2025-11-25 07:58:41,752 - INFO - X_test:  (14000, 40), y_test:  (14000, 1)
2025-11-25 07:58:41,758 - INFO - Creating sequences with length 60...
2025-11-25 07:58:42,206 - INFO - ✅ Sequences created
2025-11-25 07:58:42,207 - INFO - X_train: (56040, 60, 40) | y_train: (56040, 1)
2025-11-25 07:58:42,207 - INFO - X_test:  (13940, 60, 40) | y_test:  (13940, 1)
2025-11-25 07:58:42,208 - INFO - Memory footprint: X_train=256.5 MB
